2003.11.17 10:07 B C:\data\marat\nmr\strychnine\3\pdata\1\2ii <-- avance300 /u/data/marat/nmr/strychnine/3/pdata/1 2ii
2003.11.17 10:07 B C:\data\marat\nmr\strychnine\3\pdata\1\2ir <-- avance300 /u/data/marat/nmr/strychnine/3/pdata/1 2ir
2003.11.17 10:07 B C:\data\marat\nmr\strychnine\3\pdata\1\2ri <-- avance300 /u/data/marat/nmr/strychnine/3/pdata/1 2ri
2003.11.17 10:08 B C:\data\marat\nmr\strychnine\3\pdata\1\2rr <-- avance300 /u/data/marat/nmr/strychnine/3/pdata/1 2rr
2003.11.17 10:08 B C:\data\marat\nmr\strychnine\3\pdata\1\curdat2 <-- avance300 /u/data/marat/nmr/strychnine/3/pdata/1 curdat2
2003.11.17 10:08 B C:\data\marat\nmr\strychnine\3\pdata\1\dsp <-- avance300 /u/data/marat/nmr/strychnine/3/pdata/1 dsp
2003.11.17 10:08 B C:\data\marat\nmr\strychnine\3\pdata\1\dsp.hdr <-- avance300 /u/data/marat/nmr/strychnine/3/pdata/1 dsp.hdr
2003.11.17 10:08 B C:\data\marat\nmr\strychnine\3\pdata\1\dsp_low <-- avance300 /u/data/marat/nmr/strychnine/3/pdata/1 dsp_low
2003.11.17 10:08 B C:\data\marat\nmr\strychnine\3\pdata\1\level <-- avance300 /u/data/marat/nmr/strychnine/3/pdata/1 level
2003.11.17 10:08 B C:\data\marat\nmr\strychnine\3\pdata\1\meta <-- avance300 /u/data/marat/nmr/strychnine/3/pdata/1 meta
2003.11.17 10:08 B C:\data\marat\nmr\strychnine\3\pdata\1\meta.ext <-- avance300 /u/data/marat/nmr/strychnine/3/pdata/1 meta.ext
2003.11.17 10:08 B C:\data\marat\nmr\strychnine\3\pdata\1\n2r1 <-- avance300 /u/data/marat/nmr/strychnine/3/pdata/1 n2r1
2003.11.17 10:08 B C:\data\marat\nmr\strychnine\3\pdata\1\n2r2 <-- avance300 /u/data/marat/nmr/strychnine/3/pdata/1 n2r2
2003.11.17 10:08 B C:\data\marat\nmr\strychnine\3\pdata\1\outd <-- avance300 /u/data/marat/nmr/strychnine/3/pdata/1 outd
2003.11.17 10:08 B C:\data\marat\nmr\strychnine\3\pdata\1\p2r1 <-- avance300 /u/data/marat/nmr/strychnine/3/pdata/1 p2r1
2003.11.17 10:08 B C:\data\marat\nmr\strychnine\3\pdata\1\p2r2 <-- avance300 /u/data/marat/nmr/strychnine/3/pdata/1 p2r2
2003.11.17 10:08 B C:\data\marat\nmr\strychnine\3\pdata\1\parm.txt <-- avance300 /u/data/marat/nmr/strychnine/3/pdata/1 parm.txt
2003.11.17 10:08 B C:\data\marat\nmr\strychnine\3\pdata\1\proc <-- avance300 /u/data/marat/nmr/strychnine/3/pdata/1 proc
2003.11.17 10:08 B C:\data\marat\nmr\strychnine\3\pdata\1\proc2 <-- avance300 /u/data/marat/nmr/strychnine/3/pdata/1 proc2
2003.11.17 10:08 B C:\data\marat\nmr\strychnine\3\pdata\1\proc2s <-- avance300 /u/data/marat/nmr/strychnine/3/pdata/1 proc2s
2003.11.17 10:08 B C:\data\marat\nmr\strychnine\3\pdata\1\procs <-- avance300 /u/data/marat/nmr/strychnine/3/pdata/1 procs
2003.11.17 10:08 B C:\data\marat\nmr\strychnine\3\pdata\1\title <-- avance300 /u/data/marat/nmr/strychnine/3/pdata/1 title
